app/build/intermediates/manifest_merge_blame_file/debug/processDebugMainManifest/manifest-merger-blame-debug-report.txt
1<?xml version="1.0" encoding="utf-8"?>
2<manifest xmlns:android="http://schemas.android.com/apk/res/android"
3    package="com.ikomyut.launcher"
4    android:versionCode="1"
5    android:versionName="1.0" >
6
7    <uses-sdk
8        android:minSdkVersion="21"
9        android:targetSdkVersion="33" />
10
11    <!-- Permission to start on boot -->
12    <uses-permission android:name="android.permission.RECEIVE_BOOT_COMPLETED" />
12-->src\main\AndroidManifest.xml:6:5-81
12-->src\main\AndroidManifest.xml:6:22-78
13    <uses-permission android:name="android.permission.QUERY_ALL_PACKAGES" />
13-->src\main\AndroidManifest.xml:7:5-77
13-->src\main\AndroidManifest.xml:7:22-74
14    <uses-permission android:name="android.permission.REBOOT" />
14-->src\main\AndroidManifest.xml:8:5-65
14-->src\main\AndroidManifest.xml:8:22-62
15    <uses-permission android:name="android.permission.ACCESS_NETWORK_STATE" />
15-->src\main\AndroidManifest.xml:9:5-79
15-->src\main\AndroidManifest.xml:9:22-76
16    <uses-permission android:name="android.permission.ACCESS_WIFI_STATE" />
16-->src\main\AndroidManifest.xml:10:5-76
16-->src\main\AndroidManifest.xml:10:22-73
17
18    <!-- Android 11+ App Discovery Queries -->
19    <queries>
19-->src\main\AndroidManifest.xml:13:5-18:15
20        <intent>
20-->src\main\AndroidManifest.xml:14:9-17:18
21            <action android:name="android.intent.action.MAIN" />
21-->src\main\AndroidManifest.xml:15:13-65
21-->src\main\AndroidManifest.xml:15:21-62
22
23            <category android:name="android.intent.category.LAUNCHER" />
23-->src\main\AndroidManifest.xml:16:13-73
23-->src\main\AndroidManifest.xml:16:23-70
24        </intent>
25    </queries>
26
27    <permission
27-->[androidx.core:core:1.10.0] AndroidManifest.xml:22:5-24:47
28        android:name="com.ikomyut.launcher.DYNAMIC_RECEIVER_NOT_EXPORTED_PERMISSION"
28-->[androidx.core:core:1.10.0] AndroidManifest.xml:23:9-81
29        android:protectionLevel="signature" />
29-->[androidx.core:core:1.10.0] AndroidManifest.xml:24:9-44
30
31    <uses-permission android:name="com.ikomyut.launcher.DYNAMIC_RECEIVER_NOT_EXPORTED_PERMISSION" />
31-->[androidx.core:core:1.10.0] AndroidManifest.xml:26:5-97
31-->[androidx.core:core:1.10.0] AndroidManifest.xml:26:22-94
32
33    <application
33-->src\main\AndroidManifest.xml:20:5-91:19
34        android:allowBackup="false"
34-->src\main\AndroidManifest.xml:21:9-36
35        android:appComponentFactory="androidx.core.app.CoreComponentFactory"
35-->[androidx.core:core:1.10.0] AndroidManifest.xml:28:18-86
36        android:debuggable="true"
37        android:extractNativeLibs="true"
38        android:label="POS Kiosk"
38-->src\main\AndroidManifest.xml:22:9-34
39        android:testOnly="true"
39-->src\main\AndroidManifest.xml:23:9-32
40        android:theme="@android:style/Theme.DeviceDefault.NoActionBar.Fullscreen" >
40-->src\main\AndroidManifest.xml:24:9-82
41
42        <!-- Main Kiosk Activity (Always enabled as a normal app) -->
43        <activity
43-->src\main\AndroidManifest.xml:27:9-37:20
44            android:name="com.ikomyut.launcher.KioskActivity"
44-->src\main\AndroidManifest.xml:28:13-42
45            android:exported="true"
45-->src\main\AndroidManifest.xml:31:13-36
46            android:launchMode="singleInstance"
46-->src\main\AndroidManifest.xml:29:13-48
47            android:stateNotNeeded="true" >
47-->src\main\AndroidManifest.xml:30:13-42
48            <intent-filter>
48-->src\main\AndroidManifest.xml:33:13-36:29
49                <action android:name="android.intent.action.MAIN" />
49-->src\main\AndroidManifest.xml:15:13-65
49-->src\main\AndroidManifest.xml:15:21-62
50
51                <category android:name="android.intent.category.LAUNCHER" />
51-->src\main\AndroidManifest.xml:16:13-73
51-->src\main\AndroidManifest.xml:16:23-70
52            </intent-filter>
53        </activity> <!-- Kiosk Launcher Alias (Toggled for Kiosk Mode) -->
54        <activity-alias
54-->src\main\AndroidManifest.xml:40:9-51:26
55            android:name="com.ikomyut.launcher.KioskLauncherAlias"
55-->src\main\AndroidManifest.xml:41:13-47
56            android:enabled="true"
56-->src\main\AndroidManifest.xml:44:13-35
57            android:exported="true"
57-->src\main\AndroidManifest.xml:45:13-36
58            android:label="POS Kiosk"
58-->src\main\AndroidManifest.xml:43:13-38
59            android:targetActivity="com.ikomyut.launcher.KioskActivity" >
59-->src\main\AndroidManifest.xml:42:13-52
60            <intent-filter>
60-->src\main\AndroidManifest.xml:46:13-50:29
61                <action android:name="android.intent.action.MAIN" />
61-->src\main\AndroidManifest.xml:15:13-65
61-->src\main\AndroidManifest.xml:15:21-62
62
63                <category android:name="android.intent.category.HOME" />
63-->src\main\AndroidManifest.xml:48:17-73
63-->src\main\AndroidManifest.xml:48:27-70
64                <category android:name="android.intent.category.DEFAULT" />
64-->src\main\AndroidManifest.xml:49:17-76
64-->src\main\AndroidManifest.xml:49:27-73
65            </intent-filter>
66        </activity-alias>
67
68        <!-- Device Admin Receiver -->
69        <receiver
69-->src\main\AndroidManifest.xml:54:9-65:20
70            android:name="com.ikomyut.launcher.DeviceAdminReceiver"
70-->src\main\AndroidManifest.xml:55:13-48
71            android:exported="true"
71-->src\main\AndroidManifest.xml:58:13-36
72            android:label="Kiosk Admin"
72-->src\main\AndroidManifest.xml:56:13-40
73            android:permission="android.permission.BIND_DEVICE_ADMIN" >
73-->src\main\AndroidManifest.xml:57:13-70
74            <meta-data
74-->src\main\AndroidManifest.xml:59:13-61:65
75                android:name="android.app.device_admin"
75-->src\main\AndroidManifest.xml:60:17-56
76                android:resource="@xml/device_admin_receiver" />
76-->src\main\AndroidManifest.xml:61:17-62
77
78            <intent-filter>
78-->src\main\AndroidManifest.xml:62:13-64:29
79                <action android:name="android.app.action.DEVICE_ADMIN_ENABLED" />
79-->src\main\AndroidManifest.xml:63:17-82
79-->src\main\AndroidManifest.xml:63:25-79
80            </intent-filter>
81        </receiver>
82
83        <!-- Boot Receiver -->
84        <receiver
84-->src\main\AndroidManifest.xml:68:9-74:20
85            android:name="com.ikomyut.launcher.BootReceiver"
85-->src\main\AndroidManifest.xml:69:13-41
86            android:exported="true" >
86-->src\main\AndroidManifest.xml:70:13-36
87            <intent-filter>
87-->src\main\AndroidManifest.xml:71:13-73:29
88                <action android:name="android.intent.action.BOOT_COMPLETED" />
88-->src\main\AndroidManifest.xml:72:17-79
88-->src\main\AndroidManifest.xml:72:25-76
89            </intent-filter>
90        </receiver>
91
92        <!-- Shutdown Receiver -->
93        <receiver
93-->src\main\AndroidManifest.xml:77:9-84:20
94            android:name="com.ikomyut.launcher.ShutdownReceiver"
94-->src\main\AndroidManifest.xml:78:13-45
95            android:exported="true" >
95-->src\main\AndroidManifest.xml:79:13-36
96            <intent-filter>
96-->src\main\AndroidManifest.xml:80:13-83:29
97                <action android:name="android.intent.action.ACTION_SHUTDOWN" />
97-->src\main\AndroidManifest.xml:81:17-80
97-->src\main\AndroidManifest.xml:81:25-77
98                <action android:name="android.intent.action.REBOOT" />
98-->src\main\AndroidManifest.xml:82:17-71
98-->src\main\AndroidManifest.xml:82:25-68
99            </intent-filter>
100        </receiver>
101
102        <!-- Boot Delay Service -->
103        <service
103-->src\main\AndroidManifest.xml:87:9-89:40
104            android:name="com.ikomyut.launcher.BootService"
104-->src\main\AndroidManifest.xml:88:13-40
105            android:exported="false" />
105-->src\main\AndroidManifest.xml:89:13-37
106
107        <provider
107-->[androidx.emoji2:emoji2:1.2.0] AndroidManifest.xml:24:9-32:20
108            android:name="androidx.startup.InitializationProvider"
108-->[androidx.emoji2:emoji2:1.2.0] AndroidManifest.xml:25:13-67
109            android:authorities="com.ikomyut.launcher.androidx-startup"
109-->[androidx.emoji2:emoji2:1.2.0] AndroidManifest.xml:26:13-68
110            android:exported="false" >
110-->[androidx.emoji2:emoji2:1.2.0] AndroidManifest.xml:27:13-37
111            <meta-data
111-->[androidx.emoji2:emoji2:1.2.0] AndroidManifest.xml:29:13-31:52
112                android:name="androidx.emoji2.text.EmojiCompatInitializer"
112-->[androidx.emoji2:emoji2:1.2.0] AndroidManifest.xml:30:17-75
113                android:value="androidx.startup" />
113-->[androidx.emoji2:emoji2:1.2.0] AndroidManifest.xml:31:17-49
114            <meta-data
114-->[androidx.lifecycle:lifecycle-process:2.4.1] AndroidManifest.xml:31:13-33:52
115                android:name="androidx.lifecycle.ProcessLifecycleInitializer"
115-->[androidx.lifecycle:lifecycle-process:2.4.1] AndroidManifest.xml:32:17-78
116                android:value="androidx.startup" />
116-->[androidx.lifecycle:lifecycle-process:2.4.1] AndroidManifest.xml:33:17-49
117        </provider>
118    </application>
119
120</manifest>